[20:53:17] [main/INFO] ========================================
[20:53:17] [main/INFO] Minecraft: 1.20.4
[20:53:17] [main/INFO] Side: server
[20:53:17] [main/INFO] Development: false
[20:53:17] [main/INFO] Version: 14.1.786
[20:53:17] [main/INFO] Loader:
[20:53:17] [main/INFO] - Fabric: 0.16.9
[20:53:17] [main/INFO] - Fabric API: 0.97.1+1.20.4
[20:53:17] [main/INFO] Dependencies:
[20:53:17] [main/INFO] - Cloth Config: 13.0.121
[20:53:17] [main/INFO] - Architectury: 11.1.17
[20:53:17] [main/INFO] Mixin: 0.8.7
[20:53:17] [main/INFO] OS: Linux 6.5.0-1025-azure (amd64)
[20:53:17] [main/INFO] Java: 21.0.4 (Microsoft)
[20:53:17] [main/INFO] ========================================
[20:53:17] [main/INFO] Mods:
[20:53:17] [main/INFO] - architectury: 11.1.17
[20:53:17] [main/INFO] - athena: 3.3.0
[20:53:17] [main/INFO] - betterfortresses: 1.20.4-Fabric-2.4.4
[20:53:17] [main/INFO] - cardinal-components-base: 5.4.0
[20:53:17] [main/INFO] - cardinal-components-entity: 5.4.0
[20:53:17] [main/INFO] - cloth-basic-math: 0.6.1
[20:53:17] [main/INFO] - cloth-config: 13.0.121
[20:53:17] [main/INFO] - cloth-config: 13.0.121
[20:53:17] [main/INFO] - creativecore: 2.11.26
[20:53:17] [main/INFO] - ctov: 3.4.9a
[20:53:17] [main/INFO] - de_miraculixx_core_: 2.0.4
[20:53:17] [main/INFO] - error_notifier: 1.0.9
[20:53:17] [main/INFO] - explorify: 1.6.2
[20:53:17] [main/INFO] - fabric-api: 0.97.1+1.20.4
[20:53:17] [main/INFO] - fabric-api: 0.97.1+1.20.4
[20:53:17] [main/INFO] - fabric-api-base: 0.4.37+78d798af4f
[20:53:17] [main/INFO] - fabric-api-lookup-api-v1: 1.6.50+82b1bb3e4f
[20:53:17] [main/INFO] - fabric-biome-api-v1: 13.0.17+78d798af4f
[20:53:17] [main/INFO] - fabric-block-api-v1: 1.0.17+3e2216cb4f
[20:53:17] [main/INFO] - fabric-block-view-api-v2: 1.0.5+78d798af4f
[20:53:17] [main/INFO] - fabric-command-api-v1: 1.2.42+f71b366f4f
[20:53:17] [main/INFO] - fabric-command-api-v2: 2.2.21+78d798af4f
[20:53:17] [main/INFO] - fabric-commands-v0: 0.2.59+df3654b34f
[20:53:17] [main/INFO] - fabric-containers-v0: 0.1.87+df3654b34f
[20:53:17] [main/INFO] - fabric-content-registries-v0: 5.0.16+78d798af4f
[20:53:17] [main/INFO] - fabric-convention-tags-v1: 1.5.11+78d798af4f
[20:53:17] [main/INFO] - fabric-crash-report-info-v1: 0.2.24+78d798af4f
[20:53:17] [main/INFO] - fabric-data-attachment-api-v1: 1.1.5+b90db5744f
[20:53:17] [main/INFO] - fabric-data-generation-api-v1: 13.2.5+5c0133444f
[20:53:17] [main/INFO] - fabric-dimensions-v1: 2.1.63+6605d1a84f
[20:53:17] [main/INFO] - fabric-entity-events-v1: 1.6.2+09fc25014f
[20:53:17] [main/INFO] - fabric-events-interaction-v0: 0.7.2+389931eb4f
[20:53:17] [main/INFO] - fabric-events-lifecycle-v0: 0.2.75+df3654b34f
[20:53:17] [main/INFO] - fabric-game-rule-api-v1: 1.0.47+78d798af4f
[20:53:17] [main/INFO] - fabric-item-api-v1: 2.3.0+bcdd12964f
[20:53:17] [main/INFO] - fabric-item-group-api-v1: 4.0.27+ee30b13a4f
[20:53:17] [main/INFO] - fabric-language-kotlin: 1.11.0+kotlin.2.0.0
[20:53:17] [main/INFO] - fabric-lifecycle-events-v1: 2.3.1+a67ffb5d4f
[20:53:17] [main/INFO] - fabric-loot-api-v2: 2.1.10+78d798af4f
[20:53:17] [main/INFO] - fabric-message-api-v1: 6.0.6+78d798af4f
[20:53:17] [main/INFO] - fabric-mining-level-api-v1: 2.1.66+78d798af4f
[20:53:17] [main/INFO] - fabric-networking-api-v1: 3.1.8+2e5ac5484f
[20:53:17] [main/INFO] - fabric-object-builder-api-v1: 13.1.0+dba1195c4f
[20:53:17] [main/INFO] - fabric-particles-v1: 1.1.8+78d798af4f
[20:53:17] [main/INFO] - fabric-permissions-api-v0: 0.2-SNAPSHOT
[20:53:17] [main/INFO] - fabric-recipe-api-v1: 2.0.21+78d798af4f
[20:53:17] [main/INFO] - fabric-registry-sync-v0: 4.0.20+ee30b13a4f
[20:53:17] [main/INFO] - fabric-rendering-data-attachment-v1: 0.3.43+73761d2e4f
[20:53:17] [main/INFO] - fabric-rendering-fluids-v1: 3.1.2+e761c6694f
[20:53:17] [main/INFO] - fabric-resource-conditions-api-v1: 2.3.15+78d798af4f
[20:53:17] [main/INFO] - fabric-resource-loader-v0: 0.11.21+ee30b13a4f
[20:53:17] [main/INFO] - fabric-screen-handler-api-v1: 1.3.56+78d798af4f
[20:53:17] [main/INFO] - fabric-transfer-api-v1: 4.0.12+90f2d7b14f
[20:53:17] [main/INFO] - fabric-transitive-access-wideners-v1: 5.0.15+78d798af4f
[20:53:17] [main/INFO] - fabricloader: 0.16.9
[20:53:17] [main/INFO] - java: 21
[20:53:17] [main/INFO] - lithostitched: 1.1.8
[20:53:17] [main/INFO] - midnightlib: 1.5.3
[20:53:17] [main/INFO] - minecraft: 1.20.4
[20:53:17] [main/INFO] - mixinextras: 0.4.1
[20:53:17] [main/INFO] - net_neoforged_bus: 7.2.0
[20:53:17] [main/INFO] - org_javassist_javassist: 3.29.2-GA
[20:53:17] [main/INFO] - org_jetbrains_kotlin_kotlin-reflect: 2.0.0
[20:53:17] [main/INFO] - org_jetbrains_kotlin_kotlin-stdlib: 2.0.0
[20:53:17] [main/INFO] - org_jetbrains_kotlin_kotlin-stdlib-jdk7: 2.0.0
[20:53:17] [main/INFO] - org_jetbrains_kotlin_kotlin-stdlib-jdk8: 2.0.0
[20:53:17] [main/INFO] - org_jetbrains_kotlinx_atomicfu-jvm: 0.24.0
[20:53:17] [main/INFO] - org_jetbrains_kotlinx_kotlinx-coroutines-core-jvm: 1.8.1
[20:53:17] [main/INFO] - org_jetbrains_kotlinx_kotlinx-coroutines-jdk8: 1.8.1
[20:53:17] [main/INFO] - org_jetbrains_kotlinx_kotlinx-datetime-jvm: 0.6.0
[20:53:17] [main/INFO] - org_jetbrains_kotlinx_kotlinx-serialization-cbor-jvm: 1.6.3
[20:53:17] [main/INFO] - org_jetbrains_kotlinx_kotlinx-serialization-core-jvm: 1.6.3
[20:53:17] [main/INFO] - org_jetbrains_kotlinx_kotlinx-serialization-json-jvm: 1.6.3
[20:53:17] [main/INFO] - org_reflections_reflections: 0.10.2
[20:53:17] [main/INFO] - roughlyenoughitems: 14.1.786
[20:53:17] [main/INFO] - silk-all: 1.10.3
[20:53:17] [main/INFO] - silk-commands: 1.10.3
[20:53:17] [main/INFO] - silk-core: 1.10.3
[20:53:17] [main/INFO] - silk-game: 1.10.3
[20:53:17] [main/INFO] - silk-igui: 1.10.3
[20:53:17] [main/INFO] - silk-nbt: 1.10.3
[20:53:17] [main/INFO] - silk-network: 1.10.3
[20:53:17] [main/INFO] - silk-persistence: 1.10.3
[20:53:17] [main/INFO] - simple-armor-hud: 1.20.4-1.4.2
[20:53:17] [main/INFO] - sound_physics_remastered: 1.20.4-1.4.5
[20:53:17] [main/INFO] - the_bumblezone: 7.5.3+1.20.4-fabric
[20:53:17] [main/INFO] - trinkets: 3.8.1
[20:53:17] [main/INFO] - veinminer: 2.0.3
[20:53:17] [main/INFO] - xaerobetterpvp: 24.6.1
[20:53:17] [main/INFO] - xaeroworldmap: 1.39.0
[20:53:17] [main/INFO] - yungsapi: 1.20.4-Fabric-4.4.3
[20:53:17] [main/INFO] ========================================
[20:53:17] [main/INFO] [REI] Registered plugin provider DefaultPlugin [roughlyenoughitems] for REIPlugin
[20:53:17] [main/INFO] [REI] Registered plugin provider DefaultRuntimePlugin [roughlyenoughitems] for REIPlugin
[20:53:17] [main/INFO] [REI] Registered plugin provider DefaultPlugin [roughlyenoughitems] for REIServerPlugin
[20:53:17] [main/INFO] [REI] Registered plugin provider DefaultRuntimePlugin [roughlyenoughitems] for REIServerPlugin
[20:53:17] [main/INFO] [REI] Registered plugin provider FabricFluidAPISupportPlugin for REIServerPlugin
[20:53:17] [main/INFO] [REI] Registered plugin provider FabricFluidAPISupportPlugin for REIPlugin
[20:53:22] [Worker-Main-1/DEBUG] [REI] Processed 273 tags in 4.200 ms for minecraft:item
[20:53:22] [Worker-Main-1/DEBUG] [REI] Processed 15 tags in 201.0 μs for minecraft:fluid
[20:53:22] [Worker-Main-1/DEBUG] [REI] Processed 5 tags in 61.24 μs for minecraft:game_event
[20:53:22] [Worker-Main-1/DEBUG] [REI] Processed 7 tags in 42.76 μs for minecraft:enchantment
[20:53:22] [Worker-Main-1/DEBUG] [REI] Processed 0 tags in 4.679 μs for minecraft:worldgen/flat_level_generator_preset
[20:53:22] [Worker-Main-1/DEBUG] [REI] Processed 0 tags in 4.368 μs for minecraft:worldgen/placed_feature
[20:53:22] [Worker-Main-1/DEBUG] [REI] Processed 0 tags in 4.068 μs for minecraft:worldgen/world_preset
[20:53:22] [Worker-Main-1/DEBUG] [REI] Processed 4 tags in 16.00 μs for minecraft:point_of_interest_type
[20:53:22] [Worker-Main-1/DEBUG] [REI] Processed 7 tags in 21.23 μs for minecraft:mob_effect
[20:53:22] [Worker-Main-1/DEBUG] [REI] Processed 0 tags in 43.66 μs for minecraft:worldgen/biome
[20:53:22] [Worker-Main-1/DEBUG] [REI] Processed 85 tags in 174.1 μs for minecraft:entity_type
[20:53:22] [Worker-Main-1/DEBUG] [REI] Processed 2 tags in 13.02 μs for minecraft:cat_variant
[20:53:22] [Worker-Main-1/DEBUG] [REI] Processed 0 tags in 10.36 μs for minecraft:damage_type
[20:53:22] [Worker-Main-1/DEBUG] [REI] Processed 3 tags in 11.03 μs for minecraft:instrument
[20:53:22] [Worker-Main-1/DEBUG] [REI] Processed 15 tags in 41.41 μs for minecraft:banner_pattern
[20:53:22] [Worker-Main-1/DEBUG] [REI] Processed 269 tags in 2.321 ms for minecraft:block
[20:53:22] [Worker-Main-1/DEBUG] [REI] Processed 1 tags in 13.02 μs for minecraft:sound_event
[20:53:22] [Worker-Main-1/DEBUG] [REI] Processed 0 tags in 4.278 μs for minecraft:worldgen/structure_set
[20:53:22] [Worker-Main-1/DEBUG] [REI] Processed 0 tags in 18.33 μs for minecraft:worldgen/structure
[20:53:22] [Worker-Main-1/DEBUG] [REI] Processed 1 tags in 19.11 μs for minecraft:painting_variant
[20:53:24] [main/DEBUG] [REI] Starting Reload Plugins of stage null
java.lang.Throwable
	at knot//me.shedaniel.rei.impl.common.plugins.ReloadManagerImpl.reloadPlugins(ReloadManagerImpl.java:110)
	at knot//me.shedaniel.rei.RoughlyEnoughItemsCore.lambda$onInitialize$5(RoughlyEnoughItemsCore.java:163)
	at java.base/java.util.concurrent.CompletableFuture$UniRun.tryFire(CompletableFuture.java:787)
	at java.base/java.util.concurrent.CompletableFuture$Completion.run(CompletableFuture.java:482)
	at knot//net.minecraft.class_4014.method_18365(class_4014.java:69)
	at knot//net.minecraft.class_156.method_43498(class_156.java:944)
	at knot//net.minecraft.class_156.method_43499(class_156.java:932)
	at knot//net.minecraft.server.Main.main(Main.java:178)
	at net.fabricmc.loader.impl.game.minecraft.MinecraftGameProvider.launch(MinecraftGameProvider.java:480)
	at net.fabricmc.loader.impl.launch.knot.Knot.launch(Knot.java:74)
	at net.fabricmc.loader.impl.launch.knot.KnotServer.main(KnotServer.java:23)
	at net.fabricmc.loader.impl.launch.server.FabricServerLauncher.main(FabricServerLauncher.java:69)
	at net.fabricmc.installer.ServerLauncher.main(ServerLauncher.java:69)
[20:53:24] [main/DEBUG] [REI] ========================================
[20:53:24] [main/DEBUG] [REI] REIPlugin starting pre-reload for START.
[20:53:24] [main/DEBUG] [REI] Reloadables (7):
[20:53:24] [main/DEBUG] [REI]  - EntryTypeRegistryImpl
[20:53:24] [main/DEBUG] [REI]  - EntrySettingsAdapterRegistryImpl
[20:53:24] [main/DEBUG] [REI]  - RecipeManagerContextImpl
[20:53:24] [main/DEBUG] [REI]  - ItemComparatorRegistryImpl
[20:53:24] [main/DEBUG] [REI]  - FluidComparatorRegistryImpl
[20:53:24] [main/DEBUG] [REI]  - DisplaySerializerRegistryImpl
[20:53:24] [main/DEBUG] [REI]  - FluidSupportProviderImpl
[20:53:24] [main/DEBUG] [REI] Plugins (3):
[20:53:24] [main/DEBUG] [REI]  - (-100.00) DefaultPlugin of DefaultPlugin [roughlyenoughitems]
[20:53:24] [main/DEBUG] [REI]  - (0.00) FabricFluidAPISupportPlugin
[20:53:24] [main/DEBUG] [REI]  - (0.00) DefaultRuntimePlugin of DefaultRuntimePlugin [roughlyenoughitems]
[20:53:24] [main/DEBUG] [REI] ========================================
[20:53:24] [main/TRACE] [REI] [REIPlugin START] Reloading Section: "pre-register/"
[20:53:24] [main/TRACE] [REI] [REIPlugin START] Reloading Section: "pre-register/DefaultPlugin of DefaultPlugin [roughlyenoughitems]/"
[20:53:24] [main/TRACE] [REI] [REIPlugin START] Reloading Section: "pre-register/DefaultPlugin of DefaultPlugin [roughlyenoughitems]/" done in 1.284 ms
[20:53:24] [main/TRACE] [REI] [REIPlugin START] Reloading Section: "pre-register/FabricFluidAPISupportPlugin/"
[20:53:24] [main/TRACE] [REI] [REIPlugin START] Reloading Section: "pre-register/FabricFluidAPISupportPlugin/" done in 211.4 μs
[20:53:24] [main/TRACE] [REI] [REIPlugin START] Reloading Section: "pre-register/DefaultRuntimePlugin of DefaultRuntimePlugin [roughlyenoughitems]/"
[20:53:24] [main/TRACE] [REI] [REIPlugin START] Reloading Section: "pre-register/DefaultRuntimePlugin of DefaultRuntimePlugin [roughlyenoughitems]/" done in 218.9 μs
[20:53:24] [main/TRACE] [REI] [REIPlugin START] Reloading Section: "pre-register/" done in 14.01 ms
[20:53:24] [main/TRACE] [REI] [REIPlugin START] Reloading Section: "pre-stage/"
[20:53:24] [main/TRACE] [REI] [REIPlugin START] Reloading Section: "pre-stage/EntryTypeRegistryImpl/"
[20:53:24] [main/TRACE] [REI] [REIPlugin START] Reloading Section: "pre-stage/EntryTypeRegistryImpl/" done in 420.2 μs
[20:53:24] [main/TRACE] [REI] [REIPlugin START] Reloading Section: "pre-stage/EntrySettingsAdapterRegistryImpl/"
[20:53:24] [main/TRACE] [REI] [REIPlugin START] Reloading Section: "pre-stage/EntrySettingsAdapterRegistryImpl/" done in 206.6 μs
[20:53:24] [main/TRACE] [REI] [REIPlugin START] Reloading Section: "pre-stage/RecipeManagerContextImpl/"
[20:53:24] [main/TRACE] [REI] [REIPlugin START] Reloading Section: "pre-stage/RecipeManagerContextImpl/" done in 244.7 μs
[20:53:24] [main/TRACE] [REI] [REIPlugin START] Reloading Section: "pre-stage/ItemComparatorRegistryImpl/"
[20:53:24] [main/TRACE] [REI] [REIPlugin START] Reloading Section: "pre-stage/ItemComparatorRegistryImpl/" done in 618.7 μs
[20:53:24] [main/TRACE] [REI] [REIPlugin START] Reloading Section: "pre-stage/FluidComparatorRegistryImpl/"
[20:53:24] [main/TRACE] [REI] [REIPlugin START] Reloading Section: "pre-stage/FluidComparatorRegistryImpl/" done in 826.8 μs
[20:53:24] [main/TRACE] [REI] [REIPlugin START] Reloading Section: "pre-stage/DisplaySerializerRegistryImpl/"
[20:53:24] [main/TRACE] [REI] [REIPlugin START] Reloading Section: "pre-stage/DisplaySerializerRegistryImpl/" done in 228.7 μs
[20:53:24] [main/TRACE] [REI] [REIPlugin START] Reloading Section: "pre-stage/FluidSupportProviderImpl/"
[20:53:24] [main/TRACE] [REI] [REIPlugin START] Reloading Section: "pre-stage/FluidSupportProviderImpl/" done in 248.1 μs
[20:53:24] [main/TRACE] [REI] [REIPlugin START] Reloading Section: "pre-stage/" done in 8.271 ms
[20:53:24] [main/DEBUG] [REI] ========================================
[20:53:24] [main/DEBUG] [REI] REIPlugin finished pre-reload for START in 23.12 ms.
[20:53:24] [main/DEBUG] [REI] ========================================
[20:53:24] [main/DEBUG] [REI] ========================================
[20:53:24] [main/DEBUG] [REI] REIServerPlugin starting pre-reload for START.
[20:53:24] [main/DEBUG] [REI] Reloadables (2):
[20:53:24] [main/DEBUG] [REI]  - MenuInfoRegistryImpl
[20:53:24] [main/DEBUG] [REI]  - SlotAccessorRegistryImpl
[20:53:24] [main/DEBUG] [REI] Plugins (3):
[20:53:24] [main/DEBUG] [REI]  - (-100.00) DefaultPlugin of DefaultPlugin [roughlyenoughitems]
[20:53:24] [main/DEBUG] [REI]  - (0.00) FabricFluidAPISupportPlugin
[20:53:24] [main/DEBUG] [REI]  - (0.00) DefaultRuntimePlugin of DefaultRuntimePlugin [roughlyenoughitems]
[20:53:24] [main/DEBUG] [REI] ========================================
[20:53:24] [main/TRACE] [REI] [REIServerPlugin START] Reloading Section: "pre-register/"
[20:53:24] [main/TRACE] [REI] [REIServerPlugin START] Reloading Section: "pre-register/DefaultPlugin of DefaultPlugin [roughlyenoughitems]/"
[20:53:24] [main/TRACE] [REI] [REIServerPlugin START] Reloading Section: "pre-register/DefaultPlugin of DefaultPlugin [roughlyenoughitems]/" done in 209.4 μs
[20:53:24] [main/TRACE] [REI] [REIServerPlugin START] Reloading Section: "pre-register/FabricFluidAPISupportPlugin/"
[20:53:24] [main/TRACE] [REI] [REIServerPlugin START] Reloading Section: "pre-register/FabricFluidAPISupportPlugin/" done in 209.8 μs
[20:53:24] [main/TRACE] [REI] [REIServerPlugin START] Reloading Section: "pre-register/DefaultRuntimePlugin of DefaultRuntimePlugin [roughlyenoughitems]/"
[20:53:24] [main/TRACE] [REI] [REIServerPlugin START] Reloading Section: "pre-register/DefaultRuntimePlugin of DefaultRuntimePlugin [roughlyenoughitems]/" done in 230.7 μs
[20:53:24] [main/TRACE] [REI] [REIServerPlugin START] Reloading Section: "pre-register/" done in 2.066 ms
[20:53:24] [main/TRACE] [REI] [REIServerPlugin START] Reloading Section: "pre-stage/"
[20:53:24] [main/TRACE] [REI] [REIServerPlugin START] Reloading Section: "pre-stage/MenuInfoRegistryImpl/"
[20:53:24] [main/TRACE] [REI] [REIServerPlugin START] Reloading Section: "pre-stage/MenuInfoRegistryImpl/" done in 189.5 μs
[20:53:24] [main/TRACE] [REI] [REIServerPlugin START] Reloading Section: "pre-stage/SlotAccessorRegistryImpl/"
[20:53:24] [main/TRACE] [REI] [REIServerPlugin START] Reloading Section: "pre-stage/SlotAccessorRegistryImpl/" done in 194.7 μs
[20:53:24] [main/TRACE] [REI] [REIServerPlugin START] Reloading Section: "pre-stage/" done in 1.047 ms
[20:53:24] [main/DEBUG] [REI] ========================================
[20:53:24] [main/DEBUG] [REI] REIServerPlugin finished pre-reload for START in 3.565 ms.
[20:53:24] [main/DEBUG] [REI] ========================================
[20:53:24] [main/INFO] [REI] ++++++++++++++++++++++++++++++++++++++++
[20:53:24] [main/INFO] [REI] REIPlugin starting main-reload for START.
[20:53:24] [main/DEBUG] [REI] Reloadables (7):
[20:53:24] [main/DEBUG] [REI]  - EntryTypeRegistryImpl
[20:53:24] [main/DEBUG] [REI]  - EntrySettingsAdapterRegistryImpl
[20:53:24] [main/DEBUG] [REI]  - RecipeManagerContextImpl
[20:53:24] [main/DEBUG] [REI]  - ItemComparatorRegistryImpl
[20:53:24] [main/DEBUG] [REI]  - FluidComparatorRegistryImpl
[20:53:24] [main/DEBUG] [REI]  - DisplaySerializerRegistryImpl
[20:53:24] [main/DEBUG] [REI]  - FluidSupportProviderImpl
[20:53:24] [main/INFO] [REI] Plugins (3):
[20:53:24] [main/INFO] [REI]  - (-100.00) DefaultPlugin of DefaultPlugin [roughlyenoughitems]
[20:53:24] [main/INFO] [REI]  - (0.00) FabricFluidAPISupportPlugin
[20:53:24] [main/INFO] [REI]  - (0.00) DefaultRuntimePlugin of DefaultRuntimePlugin [roughlyenoughitems]
[20:53:24] [main/INFO] [REI] ++++++++++++++++++++++++++++++++++++++++
[20:53:24] [main/TRACE] [REI] [REIPlugin START] Reloading Section: "start-reload/"
[20:53:24] [main/TRACE] [REI] [REIPlugin START] Reloading Section: "start-reload/EntryTypeRegistryImpl/"
[20:53:24] [main/TRACE] [REI] [REIPlugin START] Reloading Section: "start-reload/EntryTypeRegistryImpl/" done in 236.5 μs
[20:53:24] [main/TRACE] [REI] [REIPlugin START] Reloading Section: "start-reload/EntrySettingsAdapterRegistryImpl/"
[20:53:24] [main/TRACE] [REI] [REIPlugin START] Reloading Section: "start-reload/EntrySettingsAdapterRegistryImpl/" done in 485.1 μs
[20:53:24] [main/TRACE] [REI] [REIPlugin START] Reloading Section: "start-reload/RecipeManagerContextImpl/"
[20:53:24] [main/TRACE] [REI] [REIPlugin START] Reloading Section: "start-reload/RecipeManagerContextImpl/" done in 205.3 μs
[20:53:24] [main/TRACE] [REI] [REIPlugin START] Reloading Section: "start-reload/ItemComparatorRegistryImpl/"
[20:53:24] [main/TRACE] [REI] [REIPlugin START] Reloading Section: "start-reload/ItemComparatorRegistryImpl/" done in 7.592 ms
[20:53:24] [main/TRACE] [REI] [REIPlugin START] Reloading Section: "start-reload/FluidComparatorRegistryImpl/"
[20:53:24] [main/TRACE] [REI] [REIPlugin START] Reloading Section: "start-reload/FluidComparatorRegistryImpl/" done in 194.8 μs
[20:53:24] [main/TRACE] [REI] [REIPlugin START] Reloading Section: "start-reload/DisplaySerializerRegistryImpl/"
[20:53:24] [main/TRACE] [REI] [REIPlugin START] Reloading Section: "start-reload/DisplaySerializerRegistryImpl/" done in 195.5 μs
[20:53:24] [main/TRACE] [REI] [REIPlugin START] Reloading Section: "start-reload/FluidSupportProviderImpl/"
[20:53:24] [main/TRACE] [REI] [REIPlugin START] Reloading Section: "start-reload/FluidSupportProviderImpl/" done in 236.2 μs
[20:53:24] [main/TRACE] [REI] [REIPlugin START] Reloading Section: "start-reload/" done in 12.48 ms
[20:53:24] [main/DEBUG] [REI] ========================================
[20:53:24] [main/DEBUG] [REI] REIPlugin started main-reload for START.
[20:53:24] [main/DEBUG] [REI] ========================================
[20:53:24] [main/TRACE] [REI] [REIPlugin START] Reloading Section: "reloadable-plugin/EntryTypeRegistryImpl/"
[20:53:24] [main/TRACE] [REI] [REIPlugin START] Reloading Section: "reloadable-plugin/EntryTypeRegistryImpl/DefaultPlugin of DefaultPlugin [roughlyenoughitems]/"
[20:53:24] [main/TRACE] [REI] [REIPlugin START] Reloading Section: "reloadable-plugin/EntryTypeRegistryImpl/DefaultPlugin of DefaultPlugin [roughlyenoughitems]/" done in 416.8 μs
[20:53:24] [main/TRACE] [REI] [REIPlugin START] Reloading Section: "reloadable-plugin/EntryTypeRegistryImpl/FabricFluidAPISupportPlugin/"
[20:53:24] [main/TRACE] [REI] [REIPlugin START] Reloading Section: "reloadable-plugin/EntryTypeRegistryImpl/FabricFluidAPISupportPlugin/" done in 132.1 μs
[20:53:24] [main/TRACE] [REI] [REIPlugin START] Reloading Section: "reloadable-plugin/EntryTypeRegistryImpl/DefaultRuntimePlugin of DefaultRuntimePlugin [roughlyenoughitems]/"
[20:53:24] [main/TRACE] [REI] [REIPlugin START] Reloading Section: "reloadable-plugin/EntryTypeRegistryImpl/DefaultRuntimePlugin of DefaultRuntimePlugin [roughlyenoughitems]/" done in 4.981 ms
[20:53:24] [main/TRACE] [REI] [REIPlugin START] Reloading Section: "reloadable-plugin/EntryTypeRegistryImpl/" done in 6.869 ms
[20:53:24] [main/TRACE] [REI] [REIPlugin START] Reloading Section: "reloadable-plugin/EntrySettingsAdapterRegistryImpl/"
[20:53:24] [main/TRACE] [REI] [REIPlugin START] Reloading Section: "reloadable-plugin/EntrySettingsAdapterRegistryImpl/DefaultPlugin of DefaultPlugin [roughlyenoughitems]/"
[20:53:24] [main/TRACE] [REI] [REIPlugin START] Reloading Section: "reloadable-plugin/EntrySettingsAdapterRegistryImpl/DefaultPlugin of DefaultPlugin [roughlyenoughitems]/" done in 120.1 μs
[20:53:24] [main/TRACE] [REI] [REIPlugin START] Reloading Section: "reloadable-plugin/EntrySettingsAdapterRegistryImpl/FabricFluidAPISupportPlugin/"
[20:53:24] [main/TRACE] [REI] [REIPlugin START] Reloading Section: "reloadable-plugin/EntrySettingsAdapterRegistryImpl/FabricFluidAPISupportPlugin/" done in 130.2 μs
[20:53:24] [main/TRACE] [REI] [REIPlugin START] Reloading Section: "reloadable-plugin/EntrySettingsAdapterRegistryImpl/DefaultRuntimePlugin of DefaultRuntimePlugin [roughlyenoughitems]/"
[20:53:24] [main/TRACE] [REI] [REIPlugin START] Reloading Section: "reloadable-plugin/EntrySettingsAdapterRegistryImpl/DefaultRuntimePlugin of DefaultRuntimePlugin [roughlyenoughitems]/" done in 124.9 μs
[20:53:24] [main/TRACE] [REI] [REIPlugin START] Reloading Section: "reloadable-plugin/EntrySettingsAdapterRegistryImpl/" done in 1.059 ms
[20:53:24] [main/TRACE] [REI] [REIPlugin START] Reloading Section: "reloadable-plugin/RecipeManagerContextImpl/"
[20:53:24] [main/TRACE] [REI] [REIPlugin START] Reloading Section: "reloadable-plugin/RecipeManagerContextImpl/DefaultPlugin of DefaultPlugin [roughlyenoughitems]/"
[20:53:24] [main/TRACE] [REI] [REIPlugin START] Reloading Section: "reloadable-plugin/RecipeManagerContextImpl/DefaultPlugin of DefaultPlugin [roughlyenoughitems]/" done in 128.4 μs
[20:53:24] [main/TRACE] [REI] [REIPlugin START] Reloading Section: "reloadable-plugin/RecipeManagerContextImpl/FabricFluidAPISupportPlugin/"
[20:53:24] [main/TRACE] [REI] [REIPlugin START] Reloading Section: "reloadable-plugin/RecipeManagerContextImpl/FabricFluidAPISupportPlugin/" done in 127.0 μs
[20:53:24] [main/TRACE] [REI] [REIPlugin START] Reloading Section: "reloadable-plugin/RecipeManagerContextImpl/DefaultRuntimePlugin of DefaultRuntimePlugin [roughlyenoughitems]/"
[20:53:24] [main/TRACE] [REI] [REIPlugin START] Reloading Section: "reloadable-plugin/RecipeManagerContextImpl/DefaultRuntimePlugin of DefaultRuntimePlugin [roughlyenoughitems]/" done in 117.5 μs
[20:53:24] [main/TRACE] [REI] [REIPlugin START] Reloading Section: "reloadable-plugin/RecipeManagerContextImpl/" done in 1.067 ms
[20:53:24] [main/TRACE] [REI] [REIPlugin START] Reloading Section: "reloadable-plugin/ItemComparatorRegistryImpl/"
[20:53:24] [main/TRACE] [REI] [REIPlugin START] Reloading Section: "reloadable-plugin/ItemComparatorRegistryImpl/DefaultPlugin of DefaultPlugin [roughlyenoughitems]/"
[20:53:24] [main/TRACE] [REI] [REIPlugin START] Reloading Section: "reloadable-plugin/ItemComparatorRegistryImpl/DefaultPlugin of DefaultPlugin [roughlyenoughitems]/" done in 1.227 ms
[20:53:24] [main/TRACE] [REI] [REIPlugin START] Reloading Section: "reloadable-plugin/ItemComparatorRegistryImpl/FabricFluidAPISupportPlugin/"
[20:53:24] [main/TRACE] [REI] [REIPlugin START] Reloading Section: "reloadable-plugin/ItemComparatorRegistryImpl/FabricFluidAPISupportPlugin/" done in 121.4 μs
[20:53:24] [main/TRACE] [REI] [REIPlugin START] Reloading Section: "reloadable-plugin/ItemComparatorRegistryImpl/DefaultRuntimePlugin of DefaultRuntimePlugin [roughlyenoughitems]/"
[20:53:24] [main/TRACE] [REI] [REIPlugin START] Reloading Section: "reloadable-plugin/ItemComparatorRegistryImpl/DefaultRuntimePlugin of DefaultRuntimePlugin [roughlyenoughitems]/" done in 134.6 μs
[20:53:24] [main/TRACE] [REI] [REIPlugin START] Reloading Section: "reloadable-plugin/ItemComparatorRegistryImpl/" done in 2.210 ms
[20:53:24] [main/TRACE] [REI] [REIPlugin START] Reloading Section: "reloadable-plugin/FluidComparatorRegistryImpl/"
[20:53:24] [main/TRACE] [REI] [REIPlugin START] Reloading Section: "reloadable-plugin/FluidComparatorRegistryImpl/DefaultPlugin of DefaultPlugin [roughlyenoughitems]/"
[20:53:24] [main/TRACE] [REI] [REIPlugin START] Reloading Section: "reloadable-plugin/FluidComparatorRegistryImpl/DefaultPlugin of DefaultPlugin [roughlyenoughitems]/" done in 132.8 μs
[20:53:24] [main/TRACE] [REI] [REIPlugin START] Reloading Section: "reloadable-plugin/FluidComparatorRegistryImpl/FabricFluidAPISupportPlugin/"
[20:53:24] [main/TRACE] [REI] [REIPlugin START] Reloading Section: "reloadable-plugin/FluidComparatorRegistryImpl/FabricFluidAPISupportPlugin/" done in 113.1 μs
[20:53:24] [main/TRACE] [REI] [REIPlugin START] Reloading Section: "reloadable-plugin/FluidComparatorRegistryImpl/DefaultRuntimePlugin of DefaultRuntimePlugin [roughlyenoughitems]/"
[20:53:24] [main/TRACE] [REI] [REIPlugin START] Reloading Section: "reloadable-plugin/FluidComparatorRegistryImpl/DefaultRuntimePlugin of DefaultRuntimePlugin [roughlyenoughitems]/" done in 116.2 μs
[20:53:24] [main/TRACE] [REI] [REIPlugin START] Reloading Section: "reloadable-plugin/FluidComparatorRegistryImpl/" done in 1.102 ms
[20:53:24] [main/TRACE] [REI] [REIPlugin START] Reloading Section: "reloadable-plugin/DisplaySerializerRegistryImpl/"
[20:53:24] [main/TRACE] [REI] [REIPlugin START] Reloading Section: "reloadable-plugin/DisplaySerializerRegistryImpl/DefaultPlugin of DefaultPlugin [roughlyenoughitems]/"
[20:53:24] [main/TRACE] [REI] [REIPlugin START] Reloading Section: "reloadable-plugin/DisplaySerializerRegistryImpl/DefaultPlugin of DefaultPlugin [roughlyenoughitems]/" done in 116.3 μs
[20:53:24] [main/TRACE] [REI] [REIPlugin START] Reloading Section: "reloadable-plugin/DisplaySerializerRegistryImpl/FabricFluidAPISupportPlugin/"
[20:53:24] [main/TRACE] [REI] [REIPlugin START] Reloading Section: "reloadable-plugin/DisplaySerializerRegistryImpl/FabricFluidAPISupportPlugin/" done in 116.0 μs
[20:53:24] [main/TRACE] [REI] [REIPlugin START] Reloading Section: "reloadable-plugin/DisplaySerializerRegistryImpl/DefaultRuntimePlugin of DefaultRuntimePlugin [roughlyenoughitems]/"
[20:53:24] [main/TRACE] [REI] [REIPlugin START] Reloading Section: "reloadable-plugin/DisplaySerializerRegistryImpl/DefaultRuntimePlugin of DefaultRuntimePlugin [roughlyenoughitems]/" done in 133.5 μs
[20:53:24] [main/TRACE] [REI] [REIPlugin START] Reloading Section: "reloadable-plugin/DisplaySerializerRegistryImpl/" done in 1.009 ms
[20:53:24] [main/TRACE] [REI] [REIPlugin START] Reloading Section: "reloadable-plugin/FluidSupportProviderImpl/"
[20:53:24] [main/TRACE] [REI] [REIPlugin START] Reloading Section: "reloadable-plugin/FluidSupportProviderImpl/DefaultPlugin of DefaultPlugin [roughlyenoughitems]/"
[20:53:24] [main/TRACE] [REI] [REIPlugin START] Reloading Section: "reloadable-plugin/FluidSupportProviderImpl/DefaultPlugin of DefaultPlugin [roughlyenoughitems]/" done in 529.6 μs
[20:53:24] [main/TRACE] [REI] [REIPlugin START] Reloading Section: "reloadable-plugin/FluidSupportProviderImpl/FabricFluidAPISupportPlugin/"
[20:53:24] [main/TRACE] [REI] [REIPlugin START] Reloading Section: "reloadable-plugin/FluidSupportProviderImpl/FabricFluidAPISupportPlugin/" done in 315.7 μs
[20:53:24] [main/TRACE] [REI] [REIPlugin START] Reloading Section: "reloadable-plugin/FluidSupportProviderImpl/DefaultRuntimePlugin of DefaultRuntimePlugin [roughlyenoughitems]/"
[20:53:24] [main/TRACE] [REI] [REIPlugin START] Reloading Section: "reloadable-plugin/FluidSupportProviderImpl/DefaultRuntimePlugin of DefaultRuntimePlugin [roughlyenoughitems]/" done in 122.5 μs
[20:53:24] [main/TRACE] [REI] [REIPlugin START] Reloading Section: "reloadable-plugin/FluidSupportProviderImpl/" done in 1.675 ms
[20:53:24] [main/DEBUG] [REI] ========================================
[20:53:24] [main/DEBUG] [REI] REIPlugin ending main-reload for START.
[20:53:24] [main/DEBUG] [REI] ========================================
[20:53:24] [main/TRACE] [REI] [REIPlugin START] Reloading Section: "end-reload/"
[20:53:24] [main/TRACE] [REI] [REIPlugin START] Reloading Section: "end-reload/EntryTypeRegistryImpl/"
[20:53:24] [main/TRACE] [REI] [REIPlugin START] Reloading Section: "end-reload/EntryTypeRegistryImpl/" done in 158.4 μs
[20:53:24] [main/TRACE] [REI] [REIPlugin START] Reloading Section: "end-reload/EntrySettingsAdapterRegistryImpl/"
[20:53:24] [main/TRACE] [REI] [REIPlugin START] Reloading Section: "end-reload/EntrySettingsAdapterRegistryImpl/" done in 115.7 μs
[20:53:24] [main/TRACE] [REI] [REIPlugin START] Reloading Section: "end-reload/RecipeManagerContextImpl/"
[20:53:24] [main/TRACE] [REI] [REIPlugin START] Reloading Section: "end-reload/RecipeManagerContextImpl/" done in 112.0 μs
[20:53:24] [main/TRACE] [REI] [REIPlugin START] Reloading Section: "end-reload/ItemComparatorRegistryImpl/"
[20:53:24] [main/TRACE] [REI] [REIPlugin START] Reloading Section: "end-reload/ItemComparatorRegistryImpl/" done in 107.8 μs
[20:53:24] [main/TRACE] [REI] [REIPlugin START] Reloading Section: "end-reload/FluidComparatorRegistryImpl/"
[20:53:24] [main/TRACE] [REI] [REIPlugin START] Reloading Section: "end-reload/FluidComparatorRegistryImpl/" done in 121.2 μs
[20:53:24] [main/TRACE] [REI] [REIPlugin START] Reloading Section: "end-reload/DisplaySerializerRegistryImpl/"
[20:53:24] [main/TRACE] [REI] [REIPlugin START] Reloading Section: "end-reload/DisplaySerializerRegistryImpl/" done in 114.9 μs
[20:53:24] [main/TRACE] [REI] [REIPlugin START] Reloading Section: "end-reload/FluidSupportProviderImpl/"
[20:53:24] [main/TRACE] [REI] [REIPlugin START] Reloading Section: "end-reload/FluidSupportProviderImpl/" done in 110.4 μs
[20:53:24] [main/TRACE] [REI] [REIPlugin START] Reloading Section: "end-reload/" done in 2.155 ms
[20:53:24] [main/DEBUG] [REI] ========================================
[20:53:24] [main/DEBUG] [REI] REIPlugin ended main-reload for START in 46.20 ms.
[20:53:24] [main/DEBUG] [REI] ========================================
[20:53:24] [main/INFO] [REI] @@@@@@@@@@@@@@@@@@@@@@@@@@@@@@@@@@@@@@@@
[20:53:24] [main/INFO] [REI] REIServerPlugin starting main-reload for START.
[20:53:24] [main/DEBUG] [REI] Reloadables (2):
[20:53:24] [main/DEBUG] [REI]  - MenuInfoRegistryImpl
[20:53:24] [main/DEBUG] [REI]  - SlotAccessorRegistryImpl
[20:53:24] [main/INFO] [REI] Plugins (3):
[20:53:24] [main/INFO] [REI]  - (-100.00) DefaultPlugin of DefaultPlugin [roughlyenoughitems]
[20:53:24] [main/INFO] [REI]  - (0.00) FabricFluidAPISupportPlugin
[20:53:24] [main/INFO] [REI]  - (0.00) DefaultRuntimePlugin of DefaultRuntimePlugin [roughlyenoughitems]
[20:53:24] [main/INFO] [REI] @@@@@@@@@@@@@@@@@@@@@@@@@@@@@@@@@@@@@@@@
[20:53:24] [main/TRACE] [REI] [REIServerPlugin START] Reloading Section: "start-reload/"
[20:53:24] [main/TRACE] [REI] [REIServerPlugin START] Reloading Section: "start-reload/MenuInfoRegistryImpl/"
[20:53:24] [main/TRACE] [REI] [REIServerPlugin START] Reloading Section: "start-reload/MenuInfoRegistryImpl/" done in 126.2 μs
[20:53:24] [main/TRACE] [REI] [REIServerPlugin START] Reloading Section: "start-reload/SlotAccessorRegistryImpl/"
[20:53:24] [main/TRACE] [REI] [REIServerPlugin START] Reloading Section: "start-reload/SlotAccessorRegistryImpl/" done in 119.8 μs
[20:53:24] [main/TRACE] [REI] [REIServerPlugin START] Reloading Section: "start-reload/" done in 756.0 μs
[20:53:24] [main/DEBUG] [REI] ========================================
[20:53:24] [main/DEBUG] [REI] REIServerPlugin started main-reload for START.
[20:53:24] [main/DEBUG] [REI] ========================================
[20:53:24] [main/TRACE] [REI] [REIServerPlugin START] Reloading Section: "reloadable-plugin/MenuInfoRegistryImpl/"
[20:53:24] [main/TRACE] [REI] [REIServerPlugin START] Reloading Section: "reloadable-plugin/MenuInfoRegistryImpl/DefaultPlugin of DefaultPlugin [roughlyenoughitems]/"
[20:53:24] [main/TRACE] [REI] [REIServerPlugin START] Reloading Section: "reloadable-plugin/MenuInfoRegistryImpl/DefaultPlugin of DefaultPlugin [roughlyenoughitems]/" done in 142.1 μs
[20:53:24] [main/TRACE] [REI] [REIServerPlugin START] Reloading Section: "reloadable-plugin/MenuInfoRegistryImpl/FabricFluidAPISupportPlugin/"
[20:53:24] [main/TRACE] [REI] [REIServerPlugin START] Reloading Section: "reloadable-plugin/MenuInfoRegistryImpl/FabricFluidAPISupportPlugin/" done in 122.9 μs
[20:53:24] [main/TRACE] [REI] [REIServerPlugin START] Reloading Section: "reloadable-plugin/MenuInfoRegistryImpl/DefaultRuntimePlugin of DefaultRuntimePlugin [roughlyenoughitems]/"
[20:53:24] [main/TRACE] [REI] [REIServerPlugin START] Reloading Section: "reloadable-plugin/MenuInfoRegistryImpl/DefaultRuntimePlugin of DefaultRuntimePlugin [roughlyenoughitems]/" done in 123.5 μs
[20:53:24] [main/TRACE] [REI] [REIServerPlugin START] Reloading Section: "reloadable-plugin/MenuInfoRegistryImpl/" done in 1.068 ms
[20:53:24] [main/TRACE] [REI] [REIServerPlugin START] Reloading Section: "reloadable-plugin/SlotAccessorRegistryImpl/"
[20:53:24] [main/TRACE] [REI] [REIServerPlugin START] Reloading Section: "reloadable-plugin/SlotAccessorRegistryImpl/DefaultPlugin of DefaultPlugin [roughlyenoughitems]/"
[20:53:24] [main/TRACE] [REI] [REIServerPlugin START] Reloading Section: "reloadable-plugin/SlotAccessorRegistryImpl/DefaultPlugin of DefaultPlugin [roughlyenoughitems]/" done in 127.3 μs
[20:53:24] [main/TRACE] [REI] [REIServerPlugin START] Reloading Section: "reloadable-plugin/SlotAccessorRegistryImpl/FabricFluidAPISupportPlugin/"
[20:53:24] [main/TRACE] [REI] [REIServerPlugin START] Reloading Section: "reloadable-plugin/SlotAccessorRegistryImpl/FabricFluidAPISupportPlugin/" done in 122.8 μs
[20:53:24] [main/TRACE] [REI] [REIServerPlugin START] Reloading Section: "reloadable-plugin/SlotAccessorRegistryImpl/DefaultRuntimePlugin of DefaultRuntimePlugin [roughlyenoughitems]/"
[20:53:24] [main/TRACE] [REI] [REIServerPlugin START] Reloading Section: "reloadable-plugin/SlotAccessorRegistryImpl/DefaultRuntimePlugin of DefaultRuntimePlugin [roughlyenoughitems]/" done in 128.1 μs
[20:53:24] [main/TRACE] [REI] [REIServerPlugin START] Reloading Section: "reloadable-plugin/SlotAccessorRegistryImpl/" done in 1.610 ms
[20:53:24] [main/DEBUG] [REI] ========================================
[20:53:24] [main/DEBUG] [REI] REIServerPlugin ending main-reload for START.
[20:53:24] [main/DEBUG] [REI] ========================================
[20:53:24] [main/TRACE] [REI] [REIServerPlugin START] Reloading Section: "end-reload/"
[20:53:24] [main/TRACE] [REI] [REIServerPlugin START] Reloading Section: "end-reload/MenuInfoRegistryImpl/"
[20:53:24] [main/TRACE] [REI] [REIServerPlugin START] Reloading Section: "end-reload/MenuInfoRegistryImpl/" done in 106.7 μs
[20:53:24] [main/TRACE] [REI] [REIServerPlugin START] Reloading Section: "end-reload/SlotAccessorRegistryImpl/"
[20:53:24] [main/TRACE] [REI] [REIServerPlugin START] Reloading Section: "end-reload/SlotAccessorRegistryImpl/" done in 122.4 μs
[20:53:24] [main/TRACE] [REI] [REIServerPlugin START] Reloading Section: "end-reload/" done in 675.0 μs
[20:53:24] [main/DEBUG] [REI] ========================================
[20:53:24] [main/DEBUG] [REI] REIServerPlugin ended main-reload for START in 9.446 ms.
[20:53:24] [main/DEBUG] [REI] ========================================
[20:53:24] [main/DEBUG] [REI] ========================================
[20:53:24] [main/DEBUG] [REI] REIPlugin starting post-reload for START.
[20:53:24] [main/DEBUG] [REI] Reloadables (7):
[20:53:24] [main/DEBUG] [REI]  - EntryTypeRegistryImpl
[20:53:24] [main/DEBUG] [REI]  - EntrySettingsAdapterRegistryImpl
[20:53:24] [main/DEBUG] [REI]  - RecipeManagerContextImpl
[20:53:24] [main/DEBUG] [REI]  - ItemComparatorRegistryImpl
[20:53:24] [main/DEBUG] [REI]  - FluidComparatorRegistryImpl
[20:53:24] [main/DEBUG] [REI]  - DisplaySerializerRegistryImpl
[20:53:24] [main/DEBUG] [REI]  - FluidSupportProviderImpl
[20:53:24] [main/DEBUG] [REI] Plugins (3):
[20:53:24] [main/DEBUG] [REI]  - (-100.00) DefaultPlugin of DefaultPlugin [roughlyenoughitems]
[20:53:24] [main/DEBUG] [REI]  - (0.00) FabricFluidAPISupportPlugin
[20:53:24] [main/DEBUG] [REI]  - (0.00) DefaultRuntimePlugin of DefaultRuntimePlugin [roughlyenoughitems]
[20:53:24] [main/DEBUG] [REI] ========================================
[20:53:24] [main/TRACE] [REI] [REIPlugin START] Reloading Section: "post-register/"
[20:53:24] [main/TRACE] [REI] [REIPlugin START] Reloading Section: "post-register/DefaultPlugin of DefaultPlugin [roughlyenoughitems]/"
[20:53:24] [main/TRACE] [REI] [REIPlugin START] Reloading Section: "post-register/DefaultPlugin of DefaultPlugin [roughlyenoughitems]/" done in 301.0 μs
[20:53:24] [main/TRACE] [REI] [REIPlugin START] Reloading Section: "post-register/FabricFluidAPISupportPlugin/"
[20:53:24] [main/TRACE] [REI] [REIPlugin START] Reloading Section: "post-register/FabricFluidAPISupportPlugin/" done in 124.5 μs
[20:53:24] [main/TRACE] [REI] [REIPlugin START] Reloading Section: "post-register/DefaultRuntimePlugin of DefaultRuntimePlugin [roughlyenoughitems]/"
[20:53:24] [main/TRACE] [REI] [REIPlugin START] Reloading Section: "post-register/DefaultRuntimePlugin of DefaultRuntimePlugin [roughlyenoughitems]/" done in 112.7 μs
[20:53:24] [main/TRACE] [REI] [REIPlugin START] Reloading Section: "post-register/" done in 1.376 ms
[20:53:24] [main/TRACE] [REI] [REIPlugin START] Reloading Section: "post-stage/"
[20:53:24] [main/TRACE] [REI] [REIPlugin START] Reloading Section: "post-stage/EntryTypeRegistryImpl/"
[20:53:24] [main/TRACE] [REI] [REIPlugin START] Reloading Section: "post-stage/EntryTypeRegistryImpl/" done in 128.7 μs
[20:53:24] [main/TRACE] [REI] [REIPlugin START] Reloading Section: "post-stage/EntrySettingsAdapterRegistryImpl/"
[20:53:24] [main/TRACE] [REI] [REIPlugin START] Reloading Section: "post-stage/EntrySettingsAdapterRegistryImpl/" done in 116.7 μs
[20:53:24] [main/TRACE] [REI] [REIPlugin START] Reloading Section: "post-stage/RecipeManagerContextImpl/"
[20:53:24] [main/TRACE] [REI] [REIPlugin START] Reloading Section: "post-stage/RecipeManagerContextImpl/" done in 110.5 μs
[20:53:24] [main/TRACE] [REI] [REIPlugin START] Reloading Section: "post-stage/ItemComparatorRegistryImpl/"
[20:53:24] [main/TRACE] [REI] [REIPlugin START] Reloading Section: "post-stage/ItemComparatorRegistryImpl/" done in 116.6 μs
[20:53:24] [main/TRACE] [REI] [REIPlugin START] Reloading Section: "post-stage/FluidComparatorRegistryImpl/"
[20:53:24] [main/TRACE] [REI] [REIPlugin START] Reloading Section: "post-stage/FluidComparatorRegistryImpl/" done in 156.9 μs
[20:53:24] [main/TRACE] [REI] [REIPlugin START] Reloading Section: "post-stage/DisplaySerializerRegistryImpl/"
[20:53:24] [main/TRACE] [REI] [REIPlugin START] Reloading Section: "post-stage/DisplaySerializerRegistryImpl/" done in 110.4 μs
[20:53:24] [main/TRACE] [REI] [REIPlugin START] Reloading Section: "post-stage/FluidSupportProviderImpl/"
[20:53:24] [main/TRACE] [REI] [REIPlugin START] Reloading Section: "post-stage/FluidSupportProviderImpl/" done in 144.5 μs
[20:53:24] [main/TRACE] [REI] [REIPlugin START] Reloading Section: "post-stage/" done in 2.804 ms
[20:53:24] [main/DEBUG] [REI] ========================================
[20:53:24] [main/INFO] [REI] REIPlugin finished post-reload for START in 4.497 ms, totaling 73.71 ms.
[20:53:24] [main/DEBUG] [REI] ========================================
[20:53:24] [main/DEBUG] [REI] ========================================
[20:53:24] [main/DEBUG] [REI] REIServerPlugin starting post-reload for START.
[20:53:24] [main/DEBUG] [REI] Reloadables (2):
[20:53:24] [main/DEBUG] [REI]  - MenuInfoRegistryImpl
[20:53:24] [main/DEBUG] [REI]  - SlotAccessorRegistryImpl
[20:53:24] [main/DEBUG] [REI] Plugins (3):
[20:53:24] [main/DEBUG] [REI]  - (-100.00) DefaultPlugin of DefaultPlugin [roughlyenoughitems]
[20:53:24] [main/DEBUG] [REI]  - (0.00) FabricFluidAPISupportPlugin
[20:53:24] [main/DEBUG] [REI]  - (0.00) DefaultRuntimePlugin of DefaultRuntimePlugin [roughlyenoughitems]
[20:53:24] [main/DEBUG] [REI] ========================================
[20:53:24] [main/TRACE] [REI] [REIServerPlugin START] Reloading Section: "post-register/"
[20:53:24] [main/TRACE] [REI] [REIServerPlugin START] Reloading Section: "post-register/DefaultPlugin of DefaultPlugin [roughlyenoughitems]/"
[20:53:24] [main/TRACE] [REI] [REIServerPlugin START] Reloading Section: "post-register/DefaultPlugin of DefaultPlugin [roughlyenoughitems]/" done in 136.2 μs
[20:53:24] [main/TRACE] [REI] [REIServerPlugin START] Reloading Section: "post-register/FabricFluidAPISupportPlugin/"
[20:53:24] [main/TRACE] [REI] [REIServerPlugin START] Reloading Section: "post-register/FabricFluidAPISupportPlugin/" done in 137.5 μs
[20:53:24] [main/TRACE] [REI] [REIServerPlugin START] Reloading Section: "post-register/DefaultRuntimePlugin of DefaultRuntimePlugin [roughlyenoughitems]/"
[20:53:24] [main/TRACE] [REI] [REIServerPlugin START] Reloading Section: "post-register/DefaultRuntimePlugin of DefaultRuntimePlugin [roughlyenoughitems]/" done in 135.4 μs
[20:53:24] [main/TRACE] [REI] [REIServerPlugin START] Reloading Section: "post-register/" done in 1.424 ms
[20:53:24] [main/TRACE] [REI] [REIServerPlugin START] Reloading Section: "post-stage/"
[20:53:24] [main/TRACE] [REI] [REIServerPlugin START] Reloading Section: "post-stage/MenuInfoRegistryImpl/"
[20:53:24] [main/TRACE] [REI] [REIServerPlugin START] Reloading Section: "post-stage/MenuInfoRegistryImpl/" done in 130.5 μs
[20:53:24] [main/TRACE] [REI] [REIServerPlugin START] Reloading Section: "post-stage/SlotAccessorRegistryImpl/"
[20:53:24] [main/TRACE] [REI] [REIServerPlugin START] Reloading Section: "post-stage/SlotAccessorRegistryImpl/" done in 154.4 μs
[20:53:24] [main/TRACE] [REI] [REIServerPlugin START] Reloading Section: "post-stage/" done in 777.5 μs
[20:53:24] [main/DEBUG] [REI] ========================================
[20:53:24] [main/INFO] [REI] REIServerPlugin finished post-reload for START in 2.711 ms, totaling 15.61 ms.
[20:53:24] [main/DEBUG] [REI] ========================================
[20:53:24] [main/DEBUG] [REI] ========================================
[20:53:24] [main/DEBUG] [REI] REIPlugin starting pre-reload for END.
[20:53:24] [main/DEBUG] [REI] Reloadables (7):
[20:53:24] [main/DEBUG] [REI]  - EntryTypeRegistryImpl
[20:53:24] [main/DEBUG] [REI]  - EntrySettingsAdapterRegistryImpl
[20:53:24] [main/DEBUG] [REI]  - RecipeManagerContextImpl
[20:53:24] [main/DEBUG] [REI]  - ItemComparatorRegistryImpl
[20:53:24] [main/DEBUG] [REI]  - FluidComparatorRegistryImpl
[20:53:24] [main/DEBUG] [REI]  - DisplaySerializerRegistryImpl
[20:53:24] [main/DEBUG] [REI]  - FluidSupportProviderImpl
[20:53:24] [main/DEBUG] [REI] Plugins (3):
[20:53:24] [main/DEBUG] [REI]  - (-100.00) DefaultPlugin of DefaultPlugin [roughlyenoughitems]
[20:53:24] [main/DEBUG] [REI]  - (0.00) FabricFluidAPISupportPlugin
[20:53:24] [main/DEBUG] [REI]  - (0.00) DefaultRuntimePlugin of DefaultRuntimePlugin [roughlyenoughitems]
[20:53:24] [main/DEBUG] [REI] ========================================
[20:53:24] [main/TRACE] [REI] [REIPlugin END] Reloading Section: "pre-register/"
[20:53:24] [main/TRACE] [REI] [REIPlugin END] Reloading Section: "pre-register/DefaultPlugin of DefaultPlugin [roughlyenoughitems]/"
[20:53:24] [main/TRACE] [REI] [REIPlugin END] Reloading Section: "pre-register/DefaultPlugin of DefaultPlugin [roughlyenoughitems]/" done in 136.6 μs
[20:53:24] [main/TRACE] [REI] [REIPlugin END] Reloading Section: "pre-register/FabricFluidAPISupportPlugin/"
[20:53:24] [main/TRACE] [REI] [REIPlugin END] Reloading Section: "pre-register/FabricFluidAPISupportPlugin/" done in 370.2 μs
[20:53:24] [main/TRACE] [REI] [REIPlugin END] Reloading Section: "pre-register/DefaultRuntimePlugin of DefaultRuntimePlugin [roughlyenoughitems]/"
[20:53:24] [main/TRACE] [REI] [REIPlugin END] Reloading Section: "pre-register/DefaultRuntimePlugin of DefaultRuntimePlugin [roughlyenoughitems]/" done in 167.2 μs
[20:53:24] [main/TRACE] [REI] [REIPlugin END] Reloading Section: "pre-register/" done in 1.471 ms
[20:53:24] [main/TRACE] [REI] [REIPlugin END] Reloading Section: "pre-stage/"
[20:53:24] [main/TRACE] [REI] [REIPlugin END] Reloading Section: "pre-stage/EntryTypeRegistryImpl/"
[20:53:24] [main/TRACE] [REI] [REIPlugin END] Reloading Section: "pre-stage/EntryTypeRegistryImpl/" done in 119.5 μs
[20:53:24] [main/TRACE] [REI] [REIPlugin END] Reloading Section: "pre-stage/EntrySettingsAdapterRegistryImpl/"
[20:53:24] [main/TRACE] [REI] [REIPlugin END] Reloading Section: "pre-stage/EntrySettingsAdapterRegistryImpl/" done in 116.2 μs
[20:53:24] [main/TRACE] [REI] [REIPlugin END] Reloading Section: "pre-stage/RecipeManagerContextImpl/"
[20:53:24] [main/TRACE] [REI] [REIPlugin END] Reloading Section: "pre-stage/RecipeManagerContextImpl/" done in 368.2 μs
[20:53:24] [main/TRACE] [REI] [REIPlugin END] Reloading Section: "pre-stage/ItemComparatorRegistryImpl/"
[20:53:24] [main/TRACE] [REI] [REIPlugin END] Reloading Section: "pre-stage/ItemComparatorRegistryImpl/" done in 473.8 μs
[20:53:24] [main/TRACE] [REI] [REIPlugin END] Reloading Section: "pre-stage/FluidComparatorRegistryImpl/"
[20:53:24] [main/TRACE] [REI] [REIPlugin END] Reloading Section: "pre-stage/FluidComparatorRegistryImpl/" done in 141.9 μs
[20:53:24] [main/TRACE] [REI] [REIPlugin END] Reloading Section: "pre-stage/DisplaySerializerRegistryImpl/"
[20:53:24] [main/TRACE] [REI] [REIPlugin END] Reloading Section: "pre-stage/DisplaySerializerRegistryImpl/" done in 118.1 μs
[20:53:24] [main/TRACE] [REI] [REIPlugin END] Reloading Section: "pre-stage/FluidSupportProviderImpl/"
[20:53:24] [main/TRACE] [REI] [REIPlugin END] Reloading Section: "pre-stage/FluidSupportProviderImpl/" done in 113.0 μs
[20:53:24] [main/TRACE] [REI] [REIPlugin END] Reloading Section: "pre-stage/" done in 3.235 ms
[20:53:24] [main/DEBUG] [REI] ========================================
[20:53:24] [main/DEBUG] [REI] REIPlugin finished pre-reload for END in 5.240 ms.
[20:53:24] [main/DEBUG] [REI] ========================================
[20:53:24] [main/DEBUG] [REI] ========================================
[20:53:24] [main/DEBUG] [REI] REIServerPlugin starting pre-reload for END.
[20:53:24] [main/DEBUG] [REI] Reloadables (2):
[20:53:24] [main/DEBUG] [REI]  - MenuInfoRegistryImpl
[20:53:24] [main/DEBUG] [REI]  - SlotAccessorRegistryImpl
[20:53:24] [main/DEBUG] [REI] Plugins (3):
[20:53:24] [main/DEBUG] [REI]  - (-100.00) DefaultPlugin of DefaultPlugin [roughlyenoughitems]
[20:53:24] [main/DEBUG] [REI]  - (0.00) FabricFluidAPISupportPlugin
[20:53:24] [main/DEBUG] [REI]  - (0.00) DefaultRuntimePlugin of DefaultRuntimePlugin [roughlyenoughitems]
[20:53:24] [main/DEBUG] [REI] ========================================
[20:53:24] [main/TRACE] [REI] [REIServerPlugin END] Reloading Section: "pre-register/"
[20:53:24] [main/TRACE] [REI] [REIServerPlugin END] Reloading Section: "pre-register/DefaultPlugin of DefaultPlugin [roughlyenoughitems]/"
[20:53:24] [main/TRACE] [REI] [REIServerPlugin END] Reloading Section: "pre-register/DefaultPlugin of DefaultPlugin [roughlyenoughitems]/" done in 111.9 μs
[20:53:24] [main/TRACE] [REI] [REIServerPlugin END] Reloading Section: "pre-register/FabricFluidAPISupportPlugin/"
[20:53:24] [main/TRACE] [REI] [REIServerPlugin END] Reloading Section: "pre-register/FabricFluidAPISupportPlugin/" done in 117.9 μs
[20:53:24] [main/TRACE] [REI] [REIServerPlugin END] Reloading Section: "pre-register/DefaultRuntimePlugin of DefaultRuntimePlugin [roughlyenoughitems]/"
[20:53:24] [main/TRACE] [REI] [REIServerPlugin END] Reloading Section: "pre-register/DefaultRuntimePlugin of DefaultRuntimePlugin [roughlyenoughitems]/" done in 126.3 μs
[20:53:24] [main/TRACE] [REI] [REIServerPlugin END] Reloading Section: "pre-register/" done in 995.6 μs
[20:53:24] [main/TRACE] [REI] [REIServerPlugin END] Reloading Section: "pre-stage/"
[20:53:24] [main/TRACE] [REI] [REIServerPlugin END] Reloading Section: "pre-stage/MenuInfoRegistryImpl/"
[20:53:24] [main/TRACE] [REI] [REIServerPlugin END] Reloading Section: "pre-stage/MenuInfoRegistryImpl/" done in 193.4 μs
[20:53:24] [main/TRACE] [REI] [REIServerPlugin END] Reloading Section: "pre-stage/SlotAccessorRegistryImpl/"
[20:53:24] [main/TRACE] [REI] [REIServerPlugin END] Reloading Section: "pre-stage/SlotAccessorRegistryImpl/" done in 141.8 μs
[20:53:24] [main/TRACE] [REI] [REIServerPlugin END] Reloading Section: "pre-stage/" done in 1.520 ms
[20:53:24] [main/DEBUG] [REI] ========================================
[20:53:24] [main/DEBUG] [REI] REIServerPlugin finished pre-reload for END in 3.462 ms.
[20:53:24] [main/DEBUG] [REI] ========================================
[20:53:24] [main/INFO] [REI] ########################################
[20:53:24] [main/INFO] [REI] REIPlugin starting main-reload for END.
[20:53:24] [main/DEBUG] [REI] Reloadables (7):
[20:53:24] [main/DEBUG] [REI]  - EntryTypeRegistryImpl
[20:53:24] [main/DEBUG] [REI]  - EntrySettingsAdapterRegistryImpl
[20:53:24] [main/DEBUG] [REI]  - RecipeManagerContextImpl
[20:53:24] [main/DEBUG] [REI]  - ItemComparatorRegistryImpl
[20:53:24] [main/DEBUG] [REI]  - FluidComparatorRegistryImpl
[20:53:24] [main/DEBUG] [REI]  - DisplaySerializerRegistryImpl
[20:53:24] [main/DEBUG] [REI]  - FluidSupportProviderImpl
[20:53:24] [main/INFO] [REI] Plugins (3):
[20:53:24] [main/INFO] [REI]  - (-100.00) DefaultPlugin of DefaultPlugin [roughlyenoughitems]
[20:53:24] [main/INFO] [REI]  - (0.00) FabricFluidAPISupportPlugin
[20:53:24] [main/INFO] [REI]  - (0.00) DefaultRuntimePlugin of DefaultRuntimePlugin [roughlyenoughitems]
[20:53:24] [main/INFO] [REI] ########################################
[20:53:24] [main/TRACE] [REI] [REIPlugin END] Reloading Section: "start-reload/"
[20:53:24] [main/TRACE] [REI] [REIPlugin END] Reloading Section: "start-reload/EntryTypeRegistryImpl/"
[20:53:24] [main/TRACE] [REI] [REIPlugin END] Reloading Section: "start-reload/EntryTypeRegistryImpl/" done in 135.9 μs
[20:53:24] [main/TRACE] [REI] [REIPlugin END] Reloading Section: "start-reload/EntrySettingsAdapterRegistryImpl/"
[20:53:24] [main/TRACE] [REI] [REIPlugin END] Reloading Section: "start-reload/EntrySettingsAdapterRegistryImpl/" done in 133.3 μs
[20:53:24] [main/TRACE] [REI] [REIPlugin END] Reloading Section: "start-reload/RecipeManagerContextImpl/"
[20:53:24] [main/TRACE] [REI] [REIPlugin END] Reloading Section: "start-reload/RecipeManagerContextImpl/" done in 123.5 μs
[20:53:24] [main/TRACE] [REI] [REIPlugin END] Reloading Section: "start-reload/ItemComparatorRegistryImpl/"
[20:53:24] [main/TRACE] [REI] [REIPlugin END] Reloading Section: "start-reload/ItemComparatorRegistryImpl/" done in 123.0 μs
[20:53:24] [main/TRACE] [REI] [REIPlugin END] Reloading Section: "start-reload/FluidComparatorRegistryImpl/"
[20:53:24] [main/TRACE] [REI] [REIPlugin END] Reloading Section: "start-reload/FluidComparatorRegistryImpl/" done in 146.1 μs
[20:53:24] [main/TRACE] [REI] [REIPlugin END] Reloading Section: "start-reload/DisplaySerializerRegistryImpl/"
[20:53:24] [main/TRACE] [REI] [REIPlugin END] Reloading Section: "start-reload/DisplaySerializerRegistryImpl/" done in 1.258 ms
[20:53:24] [main/TRACE] [REI] [REIPlugin END] Reloading Section: "start-reload/FluidSupportProviderImpl/"
[20:53:24] [main/TRACE] [REI] [REIPlugin END] Reloading Section: "start-reload/FluidSupportProviderImpl/" done in 113.2 μs
[20:53:24] [main/TRACE] [REI] [REIPlugin END] Reloading Section: "start-reload/" done in 3.504 ms
[20:53:24] [main/DEBUG] [REI] ========================================
[20:53:24] [main/DEBUG] [REI] REIPlugin started main-reload for END.
[20:53:24] [main/DEBUG] [REI] ========================================
[20:53:24] [main/TRACE] [REI] [REIPlugin END] Reloading Section: "reloadable-plugin/EntryTypeRegistryImpl/"
[20:53:24] [main/TRACE] [REI] [REIPlugin END] Reloading Section: "reloadable-plugin/EntryTypeRegistryImpl/DefaultPlugin of DefaultPlugin [roughlyenoughitems]/"
[20:53:24] [main/TRACE] [REI] [REIPlugin END] Reloading Section: "reloadable-plugin/EntryTypeRegistryImpl/DefaultPlugin of DefaultPlugin [roughlyenoughitems]/" done in 116.7 μs
[20:53:24] [main/TRACE] [REI] [REIPlugin END] Reloading Section: "reloadable-plugin/EntryTypeRegistryImpl/FabricFluidAPISupportPlugin/"
[20:53:24] [main/TRACE] [REI] [REIPlugin END] Reloading Section: "reloadable-plugin/EntryTypeRegistryImpl/FabricFluidAPISupportPlugin/" done in 134.7 μs
[20:53:24] [main/TRACE] [REI] [REIPlugin END] Reloading Section: "reloadable-plugin/EntryTypeRegistryImpl/DefaultRuntimePlugin of DefaultRuntimePlugin [roughlyenoughitems]/"
[20:53:24] [main/TRACE] [REI] [REIPlugin END] Reloading Section: "reloadable-plugin/EntryTypeRegistryImpl/DefaultRuntimePlugin of DefaultRuntimePlugin [roughlyenoughitems]/" done in 139.3 μs
[20:53:24] [main/TRACE] [REI] [REIPlugin END] Reloading Section: "reloadable-plugin/EntryTypeRegistryImpl/" done in 1.039 ms
[20:53:24] [main/TRACE] [REI] [REIPlugin END] Reloading Section: "reloadable-plugin/EntrySettingsAdapterRegistryImpl/"
[20:53:24] [main/TRACE] [REI] [REIPlugin END] Reloading Section: "reloadable-plugin/EntrySettingsAdapterRegistryImpl/DefaultPlugin of DefaultPlugin [roughlyenoughitems]/"
[20:53:24] [main/TRACE] [REI] [REIPlugin END] Reloading Section: "reloadable-plugin/EntrySettingsAdapterRegistryImpl/DefaultPlugin of DefaultPlugin [roughlyenoughitems]/" done in 605.0 μs
[20:53:24] [main/TRACE] [REI] [REIPlugin END] Reloading Section: "reloadable-plugin/EntrySettingsAdapterRegistryImpl/FabricFluidAPISupportPlugin/"
[20:53:24] [main/TRACE] [REI] [REIPlugin END] Reloading Section: "reloadable-plugin/EntrySettingsAdapterRegistryImpl/FabricFluidAPISupportPlugin/" done in 150.6 μs
[20:53:24] [main/TRACE] [REI] [REIPlugin END] Reloading Section: "reloadable-plugin/EntrySettingsAdapterRegistryImpl/DefaultRuntimePlugin of DefaultRuntimePlugin [roughlyenoughitems]/"
[20:53:24] [main/TRACE] [REI] [REIPlugin END] Reloading Section: "reloadable-plugin/EntrySettingsAdapterRegistryImpl/DefaultRuntimePlugin of DefaultRuntimePlugin [roughlyenoughitems]/" done in 144.2 μs
[20:53:24] [main/TRACE] [REI] [REIPlugin END] Reloading Section: "reloadable-plugin/EntrySettingsAdapterRegistryImpl/" done in 1.702 ms
[20:53:24] [main/TRACE] [REI] [REIPlugin END] Reloading Section: "reloadable-plugin/RecipeManagerContextImpl/"
[20:53:24] [main/TRACE] [REI] [REIPlugin END] Reloading Section: "reloadable-plugin/RecipeManagerContextImpl/DefaultPlugin of DefaultPlugin [roughlyenoughitems]/"
[20:53:24] [main/TRACE] [REI] [REIPlugin END] Reloading Section: "reloadable-plugin/RecipeManagerContextImpl/DefaultPlugin of DefaultPlugin [roughlyenoughitems]/" done in 117.6 μs
[20:53:24] [main/TRACE] [REI] [REIPlugin END] Reloading Section: "reloadable-plugin/RecipeManagerContextImpl/FabricFluidAPISupportPlugin/"
[20:53:24] [main/TRACE] [REI] [REIPlugin END] Reloading Section: "reloadable-plugin/RecipeManagerContextImpl/FabricFluidAPISupportPlugin/" done in 123.8 μs
[20:53:24] [main/TRACE] [REI] [REIPlugin END] Reloading Section: "reloadable-plugin/RecipeManagerContextImpl/DefaultRuntimePlugin of DefaultRuntimePlugin [roughlyenoughitems]/"
[20:53:24] [main/TRACE] [REI] [REIPlugin END] Reloading Section: "reloadable-plugin/RecipeManagerContextImpl/DefaultRuntimePlugin of DefaultRuntimePlugin [roughlyenoughitems]/" done in 118.4 μs
[20:53:24] [main/TRACE] [REI] [REIPlugin END] Reloading Section: "reloadable-plugin/RecipeManagerContextImpl/" done in 1.239 ms
[20:53:24] [main/TRACE] [REI] [REIPlugin END] Reloading Section: "reloadable-plugin/ItemComparatorRegistryImpl/"
[20:53:24] [main/TRACE] [REI] [REIPlugin END] Reloading Section: "reloadable-plugin/ItemComparatorRegistryImpl/DefaultPlugin of DefaultPlugin [roughlyenoughitems]/"
[20:53:24] [main/TRACE] [REI] [REIPlugin END] Reloading Section: "reloadable-plugin/ItemComparatorRegistryImpl/DefaultPlugin of DefaultPlugin [roughlyenoughitems]/" done in 112.7 μs
[20:53:24] [main/TRACE] [REI] [REIPlugin END] Reloading Section: "reloadable-plugin/ItemComparatorRegistryImpl/FabricFluidAPISupportPlugin/"
[20:53:24] [main/TRACE] [REI] [REIPlugin END] Reloading Section: "reloadable-plugin/ItemComparatorRegistryImpl/FabricFluidAPISupportPlugin/" done in 116.9 μs
[20:53:24] [main/TRACE] [REI] [REIPlugin END] Reloading Section: "reloadable-plugin/ItemComparatorRegistryImpl/DefaultRuntimePlugin of DefaultRuntimePlugin [roughlyenoughitems]/"
[20:53:24] [main/TRACE] [REI] [REIPlugin END] Reloading Section: "reloadable-plugin/ItemComparatorRegistryImpl/DefaultRuntimePlugin of DefaultRuntimePlugin [roughlyenoughitems]/" done in 131.1 μs
[20:53:24] [main/TRACE] [REI] [REIPlugin END] Reloading Section: "reloadable-plugin/ItemComparatorRegistryImpl/" done in 2.206 ms
[20:53:24] [main/TRACE] [REI] [REIPlugin END] Reloading Section: "reloadable-plugin/FluidComparatorRegistryImpl/"
[20:53:24] [main/TRACE] [REI] [REIPlugin END] Reloading Section: "reloadable-plugin/FluidComparatorRegistryImpl/DefaultPlugin of DefaultPlugin [roughlyenoughitems]/"
[20:53:24] [main/TRACE] [REI] [REIPlugin END] Reloading Section: "reloadable-plugin/FluidComparatorRegistryImpl/DefaultPlugin of DefaultPlugin [roughlyenoughitems]/" done in 131.3 μs
[20:53:24] [main/TRACE] [REI] [REIPlugin END] Reloading Section: "reloadable-plugin/FluidComparatorRegistryImpl/FabricFluidAPISupportPlugin/"
[20:53:24] [main/TRACE] [REI] [REIPlugin END] Reloading Section: "reloadable-plugin/FluidComparatorRegistryImpl/FabricFluidAPISupportPlugin/" done in 429.1 μs
[20:53:24] [main/TRACE] [REI] [REIPlugin END] Reloading Section: "reloadable-plugin/FluidComparatorRegistryImpl/DefaultRuntimePlugin of DefaultRuntimePlugin [roughlyenoughitems]/"
[20:53:24] [main/TRACE] [REI] [REIPlugin END] Reloading Section: "reloadable-plugin/FluidComparatorRegistryImpl/DefaultRuntimePlugin of DefaultRuntimePlugin [roughlyenoughitems]/" done in 128.6 μs
[20:53:24] [main/TRACE] [REI] [REIPlugin END] Reloading Section: "reloadable-plugin/FluidComparatorRegistryImpl/" done in 1.403 ms
[20:53:24] [main/TRACE] [REI] [REIPlugin END] Reloading Section: "reloadable-plugin/DisplaySerializerRegistryImpl/"
[20:53:24] [main/TRACE] [REI] [REIPlugin END] Reloading Section: "reloadable-plugin/DisplaySerializerRegistryImpl/DefaultPlugin of DefaultPlugin [roughlyenoughitems]/"
[20:53:24] [main/TRACE] [REI] [REIPlugin END] Reloading Section: "reloadable-plugin/DisplaySerializerRegistryImpl/DefaultPlugin of DefaultPlugin [roughlyenoughitems]/" done in 22.14 ms
[20:53:24] [main/TRACE] [REI] [REIPlugin END] Reloading Section: "reloadable-plugin/DisplaySerializerRegistryImpl/FabricFluidAPISupportPlugin/"
[20:53:24] [main/TRACE] [REI] [REIPlugin END] Reloading Section: "reloadable-plugin/DisplaySerializerRegistryImpl/FabricFluidAPISupportPlugin/" done in 127.7 μs
[20:53:24] [main/TRACE] [REI] [REIPlugin END] Reloading Section: "reloadable-plugin/DisplaySerializerRegistryImpl/DefaultRuntimePlugin of DefaultRuntimePlugin [roughlyenoughitems]/"
[20:53:24] [main/TRACE] [REI] [REIPlugin END] Reloading Section: "reloadable-plugin/DisplaySerializerRegistryImpl/DefaultRuntimePlugin of DefaultRuntimePlugin [roughlyenoughitems]/" done in 126.0 μs
[20:53:24] [main/TRACE] [REI] [REIPlugin END] Reloading Section: "reloadable-plugin/DisplaySerializerRegistryImpl/" done in 23.41 ms
[20:53:24] [main/TRACE] [REI] [REIPlugin END] Reloading Section: "reloadable-plugin/FluidSupportProviderImpl/"
[20:53:24] [main/TRACE] [REI] [REIPlugin END] Reloading Section: "reloadable-plugin/FluidSupportProviderImpl/DefaultPlugin of DefaultPlugin [roughlyenoughitems]/"
[20:53:24] [main/TRACE] [REI] [REIPlugin END] Reloading Section: "reloadable-plugin/FluidSupportProviderImpl/DefaultPlugin of DefaultPlugin [roughlyenoughitems]/" done in 119.5 μs
[20:53:24] [main/TRACE] [REI] [REIPlugin END] Reloading Section: "reloadable-plugin/FluidSupportProviderImpl/FabricFluidAPISupportPlugin/"
[20:53:24] [main/TRACE] [REI] [REIPlugin END] Reloading Section: "reloadable-plugin/FluidSupportProviderImpl/FabricFluidAPISupportPlugin/" done in 131.4 μs
[20:53:24] [main/TRACE] [REI] [REIPlugin END] Reloading Section: "reloadable-plugin/FluidSupportProviderImpl/DefaultRuntimePlugin of DefaultRuntimePlugin [roughlyenoughitems]/"
[20:53:24] [main/TRACE] [REI] [REIPlugin END] Reloading Section: "reloadable-plugin/FluidSupportProviderImpl/DefaultRuntimePlugin of DefaultRuntimePlugin [roughlyenoughitems]/" done in 128.1 μs
[20:53:24] [main/TRACE] [REI] [REIPlugin END] Reloading Section: "reloadable-plugin/FluidSupportProviderImpl/" done in 1.818 ms
[20:53:24] [main/DEBUG] [REI] ========================================
[20:53:24] [main/DEBUG] [REI] REIPlugin ending main-reload for END.
[20:53:24] [main/DEBUG] [REI] ========================================
[20:53:24] [main/TRACE] [REI] [REIPlugin END] Reloading Section: "end-reload/"
[20:53:24] [main/TRACE] [REI] [REIPlugin END] Reloading Section: "end-reload/EntryTypeRegistryImpl/"
[20:53:24] [main/TRACE] [REI] [REIPlugin END] Reloading Section: "end-reload/EntryTypeRegistryImpl/" done in 107.1 μs
[20:53:24] [main/TRACE] [REI] [REIPlugin END] Reloading Section: "end-reload/EntrySettingsAdapterRegistryImpl/"
[20:53:24] [main/TRACE] [REI] [REIPlugin END] Reloading Section: "end-reload/EntrySettingsAdapterRegistryImpl/" done in 112.8 μs
[20:53:24] [main/TRACE] [REI] [REIPlugin END] Reloading Section: "end-reload/RecipeManagerContextImpl/"
[20:53:24] [main/TRACE] [REI] [REIPlugin END] Reloading Section: "end-reload/RecipeManagerContextImpl/" done in 118.9 μs
[20:53:24] [main/TRACE] [REI] [REIPlugin END] Reloading Section: "end-reload/ItemComparatorRegistryImpl/"
[20:53:24] [main/TRACE] [REI] [REIPlugin END] Reloading Section: "end-reload/ItemComparatorRegistryImpl/" done in 107.1 μs
[20:53:24] [main/TRACE] [REI] [REIPlugin END] Reloading Section: "end-reload/FluidComparatorRegistryImpl/"
[20:53:24] [main/TRACE] [REI] [REIPlugin END] Reloading Section: "end-reload/FluidComparatorRegistryImpl/" done in 105.7 μs
[20:53:24] [main/TRACE] [REI] [REIPlugin END] Reloading Section: "end-reload/DisplaySerializerRegistryImpl/"
[20:53:24] [main/TRACE] [REI] [REIPlugin END] Reloading Section: "end-reload/DisplaySerializerRegistryImpl/" done in 106.7 μs
[20:53:24] [main/TRACE] [REI] [REIPlugin END] Reloading Section: "end-reload/FluidSupportProviderImpl/"
[20:53:24] [main/TRACE] [REI] [REIPlugin END] Reloading Section: "end-reload/FluidSupportProviderImpl/" done in 109.3 μs
[20:53:24] [main/TRACE] [REI] [REIPlugin END] Reloading Section: "end-reload/" done in 1.861 ms
[20:53:24] [main/DEBUG] [REI] ========================================
[20:53:24] [main/DEBUG] [REI] REIPlugin ended main-reload for END in 50.83 ms.
[20:53:24] [main/DEBUG] [REI] ========================================
[20:53:24] [main/INFO] [REI] %%%%%%%%%%%%%%%%%%%%%%%%%%%%%%%%%%%%%%%%
[20:53:24] [main/INFO] [REI] REIServerPlugin starting main-reload for END.
[20:53:24] [main/DEBUG] [REI] Reloadables (2):
[20:53:24] [main/DEBUG] [REI]  - MenuInfoRegistryImpl
[20:53:24] [main/DEBUG] [REI]  - SlotAccessorRegistryImpl
[20:53:24] [main/INFO] [REI] Plugins (3):
[20:53:24] [main/INFO] [REI]  - (-100.00) DefaultPlugin of DefaultPlugin [roughlyenoughitems]
[20:53:24] [main/INFO] [REI]  - (0.00) FabricFluidAPISupportPlugin
[20:53:24] [main/INFO] [REI]  - (0.00) DefaultRuntimePlugin of DefaultRuntimePlugin [roughlyenoughitems]
[20:53:24] [main/INFO] [REI] %%%%%%%%%%%%%%%%%%%%%%%%%%%%%%%%%%%%%%%%
[20:53:24] [main/TRACE] [REI] [REIServerPlugin END] Reloading Section: "start-reload/"
[20:53:24] [main/TRACE] [REI] [REIServerPlugin END] Reloading Section: "start-reload/MenuInfoRegistryImpl/"
[20:53:24] [main/TRACE] [REI] [REIServerPlugin END] Reloading Section: "start-reload/MenuInfoRegistryImpl/" done in 124.1 μs
[20:53:24] [main/TRACE] [REI] [REIServerPlugin END] Reloading Section: "start-reload/SlotAccessorRegistryImpl/"
[20:53:24] [main/TRACE] [REI] [REIServerPlugin END] Reloading Section: "start-reload/SlotAccessorRegistryImpl/" done in 118.7 μs
[20:53:24] [main/TRACE] [REI] [REIServerPlugin END] Reloading Section: "start-reload/" done in 1.124 ms
[20:53:24] [main/DEBUG] [REI] ========================================
[20:53:24] [main/DEBUG] [REI] REIServerPlugin started main-reload for END.
[20:53:24] [main/DEBUG] [REI] ========================================
[20:53:24] [main/TRACE] [REI] [REIServerPlugin END] Reloading Section: "reloadable-plugin/MenuInfoRegistryImpl/"
[20:53:24] [main/TRACE] [REI] [REIServerPlugin END] Reloading Section: "reloadable-plugin/MenuInfoRegistryImpl/DefaultPlugin of DefaultPlugin [roughlyenoughitems]/"
[20:53:24] [main/TRACE] [REI] [REIServerPlugin END] Reloading Section: "reloadable-plugin/MenuInfoRegistryImpl/DefaultPlugin of DefaultPlugin [roughlyenoughitems]/" done in 277.2 μs
[20:53:24] [main/TRACE] [REI] [REIServerPlugin END] Reloading Section: "reloadable-plugin/MenuInfoRegistryImpl/FabricFluidAPISupportPlugin/"
[20:53:24] [main/TRACE] [REI] [REIServerPlugin END] Reloading Section: "reloadable-plugin/MenuInfoRegistryImpl/FabricFluidAPISupportPlugin/" done in 133.1 μs
[20:53:24] [main/TRACE] [REI] [REIServerPlugin END] Reloading Section: "reloadable-plugin/MenuInfoRegistryImpl/DefaultRuntimePlugin of DefaultRuntimePlugin [roughlyenoughitems]/"
[20:53:24] [main/TRACE] [REI] [REIServerPlugin END] Reloading Section: "reloadable-plugin/MenuInfoRegistryImpl/DefaultRuntimePlugin of DefaultRuntimePlugin [roughlyenoughitems]/" done in 2.664 ms
[20:53:24] [main/TRACE] [REI] [REIServerPlugin END] Reloading Section: "reloadable-plugin/MenuInfoRegistryImpl/" done in 4.207 ms
[20:53:24] [main/TRACE] [REI] [REIServerPlugin END] Reloading Section: "reloadable-plugin/SlotAccessorRegistryImpl/"
[20:53:24] [main/TRACE] [REI] [REIServerPlugin END] Reloading Section: "reloadable-plugin/SlotAccessorRegistryImpl/DefaultPlugin of DefaultPlugin [roughlyenoughitems]/"
[20:53:24] [main/TRACE] [REI] [REIServerPlugin END] Reloading Section: "reloadable-plugin/SlotAccessorRegistryImpl/DefaultPlugin of DefaultPlugin [roughlyenoughitems]/" done in 130.8 μs
[20:53:24] [main/TRACE] [REI] [REIServerPlugin END] Reloading Section: "reloadable-plugin/SlotAccessorRegistryImpl/FabricFluidAPISupportPlugin/"
[20:53:24] [main/TRACE] [REI] [REIServerPlugin END] Reloading Section: "reloadable-plugin/SlotAccessorRegistryImpl/FabricFluidAPISupportPlugin/" done in 110.2 μs
[20:53:24] [main/TRACE] [REI] [REIServerPlugin END] Reloading Section: "reloadable-plugin/SlotAccessorRegistryImpl/DefaultRuntimePlugin of DefaultRuntimePlugin [roughlyenoughitems]/"
[20:53:24] [main/DEBUG] [REI] Added slot accessor serializer: me.shedaniel.rei.plugin.common.runtime.DefaultRuntimePlugin$1@51f1fe1c [roughlyenoughitems:vanilla]
[20:53:24] [main/DEBUG] [REI] Added slot accessor serializer: me.shedaniel.rei.plugin.common.runtime.DefaultRuntimePlugin$2@2fc2c88 [roughlyenoughitems:player]
[20:53:24] [main/TRACE] [REI] [REIServerPlugin END] Reloading Section: "reloadable-plugin/SlotAccessorRegistryImpl/DefaultRuntimePlugin of DefaultRuntimePlugin [roughlyenoughitems]/" done in 1.838 ms
[20:53:24] [main/TRACE] [REI] [REIServerPlugin END] Reloading Section: "reloadable-plugin/SlotAccessorRegistryImpl/" done in 2.721 ms
[20:53:24] [main/DEBUG] [REI] ========================================
[20:53:24] [main/DEBUG] [REI] REIServerPlugin ending main-reload for END.
[20:53:24] [main/DEBUG] [REI] ========================================
[20:53:24] [main/TRACE] [REI] [REIServerPlugin END] Reloading Section: "end-reload/"
[20:53:24] [main/TRACE] [REI] [REIServerPlugin END] Reloading Section: "end-reload/MenuInfoRegistryImpl/"
[20:53:24] [main/DEBUG] [REI] Registered 0 menu infos
[20:53:24] [main/TRACE] [REI] [REIServerPlugin END] Reloading Section: "end-reload/MenuInfoRegistryImpl/" done in 1.114 ms
[20:53:24] [main/TRACE] [REI] [REIServerPlugin END] Reloading Section: "end-reload/SlotAccessorRegistryImpl/"
[20:53:24] [main/DEBUG] [REI] Registered 2 slot accessor serializers
[20:53:24] [main/TRACE] [REI] [REIServerPlugin END] Reloading Section: "end-reload/SlotAccessorRegistryImpl/" done in 262.0 μs
[20:53:24] [main/TRACE] [REI] [REIServerPlugin END] Reloading Section: "end-reload/" done in 1.855 ms
[20:53:24] [main/DEBUG] [REI] ========================================
[20:53:24] [main/DEBUG] [REI] REIServerPlugin ended main-reload for END in 16.35 ms.
[20:53:24] [main/DEBUG] [REI] ========================================
[20:53:24] [main/DEBUG] [REI] ========================================
[20:53:24] [main/DEBUG] [REI] REIPlugin starting post-reload for END.
[20:53:24] [main/DEBUG] [REI] Reloadables (7):
[20:53:24] [main/DEBUG] [REI]  - EntryTypeRegistryImpl
[20:53:24] [main/DEBUG] [REI]  - EntrySettingsAdapterRegistryImpl
[20:53:24] [main/DEBUG] [REI]  - RecipeManagerContextImpl
[20:53:24] [main/DEBUG] [REI]  - ItemComparatorRegistryImpl
[20:53:24] [main/DEBUG] [REI]  - FluidComparatorRegistryImpl
[20:53:24] [main/DEBUG] [REI]  - DisplaySerializerRegistryImpl
[20:53:24] [main/DEBUG] [REI]  - FluidSupportProviderImpl
[20:53:24] [main/DEBUG] [REI] Plugins (3):
[20:53:24] [main/DEBUG] [REI]  - (-100.00) DefaultPlugin of DefaultPlugin [roughlyenoughitems]
[20:53:24] [main/DEBUG] [REI]  - (0.00) FabricFluidAPISupportPlugin
[20:53:24] [main/DEBUG] [REI]  - (0.00) DefaultRuntimePlugin of DefaultRuntimePlugin [roughlyenoughitems]
[20:53:24] [main/DEBUG] [REI] ========================================
[20:53:24] [main/TRACE] [REI] [REIPlugin END] Reloading Section: "post-register/"
[20:53:24] [main/TRACE] [REI] [REIPlugin END] Reloading Section: "post-register/DefaultPlugin of DefaultPlugin [roughlyenoughitems]/"
[20:53:24] [main/TRACE] [REI] [REIPlugin END] Reloading Section: "post-register/DefaultPlugin of DefaultPlugin [roughlyenoughitems]/" done in 506.6 μs
[20:53:24] [main/TRACE] [REI] [REIPlugin END] Reloading Section: "post-register/FabricFluidAPISupportPlugin/"
[20:53:24] [main/TRACE] [REI] [REIPlugin END] Reloading Section: "post-register/FabricFluidAPISupportPlugin/" done in 111.2 μs
[20:53:24] [main/TRACE] [REI] [REIPlugin END] Reloading Section: "post-register/DefaultRuntimePlugin of DefaultRuntimePlugin [roughlyenoughitems]/"
[20:53:24] [main/TRACE] [REI] [REIPlugin END] Reloading Section: "post-register/DefaultRuntimePlugin of DefaultRuntimePlugin [roughlyenoughitems]/" done in 697.2 μs
[20:53:24] [main/TRACE] [REI] [REIPlugin END] Reloading Section: "post-register/" done in 4.676 ms
[20:53:24] [main/TRACE] [REI] [REIPlugin END] Reloading Section: "post-stage/"
[20:53:24] [main/TRACE] [REI] [REIPlugin END] Reloading Section: "post-stage/EntryTypeRegistryImpl/"
[20:53:24] [main/TRACE] [REI] [REIPlugin END] Reloading Section: "post-stage/EntryTypeRegistryImpl/" done in 113.7 μs
[20:53:24] [main/TRACE] [REI] [REIPlugin END] Reloading Section: "post-stage/EntrySettingsAdapterRegistryImpl/"
[20:53:24] [main/TRACE] [REI] [REIPlugin END] Reloading Section: "post-stage/EntrySettingsAdapterRegistryImpl/" done in 107.8 μs
[20:53:24] [main/TRACE] [REI] [REIPlugin END] Reloading Section: "post-stage/RecipeManagerContextImpl/"
[20:53:24] [main/TRACE] [REI] [REIPlugin END] Reloading Section: "post-stage/RecipeManagerContextImpl/" done in 138.3 μs
[20:53:24] [main/TRACE] [REI] [REIPlugin END] Reloading Section: "post-stage/ItemComparatorRegistryImpl/"
[20:53:24] [main/TRACE] [REI] [REIPlugin END] Reloading Section: "post-stage/ItemComparatorRegistryImpl/" done in 112.5 μs
[20:53:24] [main/TRACE] [REI] [REIPlugin END] Reloading Section: "post-stage/FluidComparatorRegistryImpl/"
[20:53:24] [main/TRACE] [REI] [REIPlugin END] Reloading Section: "post-stage/FluidComparatorRegistryImpl/" done in 104.6 μs
[20:53:24] [main/TRACE] [REI] [REIPlugin END] Reloading Section: "post-stage/DisplaySerializerRegistryImpl/"
[20:53:24] [main/TRACE] [REI] [REIPlugin END] Reloading Section: "post-stage/DisplaySerializerRegistryImpl/" done in 103.3 μs
[20:53:24] [main/TRACE] [REI] [REIPlugin END] Reloading Section: "post-stage/FluidSupportProviderImpl/"
[20:53:24] [main/TRACE] [REI] [REIPlugin END] Reloading Section: "post-stage/FluidSupportProviderImpl/" done in 100.7 μs
[20:53:24] [main/TRACE] [REI] [REIPlugin END] Reloading Section: "post-stage/" done in 1.927 ms
[20:53:24] [main/DEBUG] [REI] ========================================
[20:53:24] [main/INFO] [REI] REIPlugin finished post-reload for END in 12.00 ms, totaling 67.98 ms.
[20:53:24] [main/DEBUG] [REI] ========================================
[20:53:24] [main/DEBUG] [REI] ========================================
[20:53:24] [main/DEBUG] [REI] REIServerPlugin starting post-reload for END.
[20:53:24] [main/DEBUG] [REI] Reloadables (2):
[20:53:24] [main/DEBUG] [REI]  - MenuInfoRegistryImpl
[20:53:24] [main/DEBUG] [REI]  - SlotAccessorRegistryImpl
[20:53:24] [main/DEBUG] [REI] Plugins (3):
[20:53:24] [main/DEBUG] [REI]  - (-100.00) DefaultPlugin of DefaultPlugin [roughlyenoughitems]
[20:53:24] [main/DEBUG] [REI]  - (0.00) FabricFluidAPISupportPlugin
[20:53:24] [main/DEBUG] [REI]  - (0.00) DefaultRuntimePlugin of DefaultRuntimePlugin [roughlyenoughitems]
[20:53:24] [main/DEBUG] [REI] ========================================
[20:53:24] [main/TRACE] [REI] [REIServerPlugin END] Reloading Section: "post-register/"
[20:53:24] [main/TRACE] [REI] [REIServerPlugin END] Reloading Section: "post-register/DefaultPlugin of DefaultPlugin [roughlyenoughitems]/"
[20:53:24] [main/TRACE] [REI] [REIServerPlugin END] Reloading Section: "post-register/DefaultPlugin of DefaultPlugin [roughlyenoughitems]/" done in 103.9 μs
[20:53:24] [main/TRACE] [REI] [REIServerPlugin END] Reloading Section: "post-register/FabricFluidAPISupportPlugin/"
[20:53:24] [main/TRACE] [REI] [REIServerPlugin END] Reloading Section: "post-register/FabricFluidAPISupportPlugin/" done in 127.9 μs
[20:53:24] [main/TRACE] [REI] [REIServerPlugin END] Reloading Section: "post-register/DefaultRuntimePlugin of DefaultRuntimePlugin [roughlyenoughitems]/"
[20:53:24] [main/TRACE] [REI] [REIServerPlugin END] Reloading Section: "post-register/DefaultRuntimePlugin of DefaultRuntimePlugin [roughlyenoughitems]/" done in 108.8 μs
[20:53:24] [main/TRACE] [REI] [REIServerPlugin END] Reloading Section: "post-register/" done in 1.109 ms
[20:53:24] [main/TRACE] [REI] [REIServerPlugin END] Reloading Section: "post-stage/"
[20:53:24] [main/TRACE] [REI] [REIServerPlugin END] Reloading Section: "post-stage/MenuInfoRegistryImpl/"
[20:53:24] [main/TRACE] [REI] [REIServerPlugin END] Reloading Section: "post-stage/MenuInfoRegistryImpl/" done in 104.2 μs
[20:53:24] [main/TRACE] [REI] [REIServerPlugin END] Reloading Section: "post-stage/SlotAccessorRegistryImpl/"
[20:53:24] [main/TRACE] [REI] [REIServerPlugin END] Reloading Section: "post-stage/SlotAccessorRegistryImpl/" done in 104.8 μs
[20:53:24] [main/TRACE] [REI] [REIServerPlugin END] Reloading Section: "post-stage/" done in 582.5 μs
[20:53:24] [main/DEBUG] [REI] ========================================
[20:53:24] [main/INFO] [REI] REIServerPlugin finished post-reload for END in 1.954 ms, totaling 21.67 ms.
[20:53:24] [main/DEBUG] [REI] ========================================
